<?xml version="1.0" encoding="UTF-8"?>
<!-- Generated by org.testng.reporters.JUnitReportReporter -->
<testsuite skipped="0" hostname="A2ML30049" name="io.mosip.authentication.idRepository.prerequiste.CreateUinRecord" tests="1" failures="0" timestamp="26 Jul 2019 06:06:00 GMT" time="53.452" errors="0">
  <testcase name="Create UIN" time="53.452" classname="io.mosip.authentication.idRepository.prerequiste.CreateUinRecord"/>
</testsuite> <!-- io.mosip.authentication.idRepository.prerequiste.CreateUinRecord -->
