<?xml version="1.0" encoding="UTF-8"?>
<!-- Generated by org.testng.reporters.JUnitReportReporter -->
<testsuite skipped="0" hostname="A2ML30049" name="io.mosip.prereg.scripts.Create_PreRegistration" tests="1" failures="0" timestamp="31 Dec 2018 10:20:40 GMT" time="2.042" errors="0">
  <testcase name="generate_Response" time="2.042" classname="io.mosip.prereg.scripts.Create_PreRegistration"/>
</testsuite> <!-- io.mosip.prereg.scripts.Create_PreRegistration -->
