<?xml version="1.0" encoding="UTF-8"?>
<!-- Generated by org.testng.reporters.JUnitReportReporter -->
<testsuite skipped="0" hostname="A2ML20178" name="io.mosip.db.healthcheck.DBHealthCheck" tests="1" failures="0" timestamp="29 Dec 2018 04:10:26 GMT" time="0.866" errors="0">
  <testcase name="CheckDBConnectivity" time="0.866" classname="io.mosip.db.healthcheck.DBHealthCheck"/>
</testsuite> <!-- io.mosip.db.healthcheck.DBHealthCheck -->
