<?xml version="1.0" encoding="UTF-8"?>
<!-- Generated by org.testng.reporters.JUnitReportReporter -->
<testsuite skipped="0" hostname="A2ML20178" name="mosip.ui.scripts.HomePageTest" tests="2" failures="0" timestamp="01 Dec 2018 03:42:17 GMT" time="19.651" errors="0">
  <testcase name="loginPageTitleTest" time="7.174" classname="mosip.ui.scripts.HomePageTest"/>
  <testcase name="loginTest" time="12.477" classname="mosip.ui.scripts.HomePageTest"/>
</testsuite> <!-- mosip.ui.scripts.HomePageTest -->
