<?xml version="1.0" encoding="UTF-8"?>
<!-- Generated by org.testng.reporters.JUnitReportReporter -->
<testsuite skipped="0" hostname="A2ML20178" name="io.mosip.service.BaseTestCase" tests="1" failures="0" timestamp="29 Dec 2018 11:05:40 GMT" time="0.005" errors="0">
  <testcase name="initialize" time="0.005" classname="io.mosip.service.BaseTestCase"/>
</testsuite> <!-- io.mosip.service.BaseTestCase -->
