<?xml version="1.0" encoding="UTF-8"?>
<!-- Generated by org.testng.reporters.JUnitReportReporter -->
<testsuite skipped="0" hostname="A2ML20178" name="scripts.PreRegScript" tests="1" failures="0" timestamp="29 Dec 2018 08:54:08 GMT" time="7.838" errors="0">
  <testcase name="generate_Response" time="7.838" classname="scripts.PreRegScript"/>
</testsuite> <!-- scripts.PreRegScript -->
