<?xml version="1.0" encoding="UTF-8"?>
<!-- Generated by org.testng.reporters.JUnitReportReporter -->
<testsuite skipped="0" hostname="A2ML30049" name="io.mosip.kernel.scripts.otpGenerate" tests="2" failures="0" timestamp="31 Dec 2018 05:56:05 GMT" time="2.377" errors="0">
  <testcase name="generate_Response" time="2.200" classname="io.mosip.kernel.scripts.otpGenerate"/>
  <testcase name="generate_Response" time="0.177" classname="io.mosip.kernel.scripts.otpGenerate"/>
</testsuite> <!-- io.mosip.kernel.scripts.otpGenerate -->
