<?xml version="1.0" encoding="UTF-8"?>
<!-- Generated by org.testng.reporters.JUnitReportReporter -->
<testsuite skipped="0" hostname="A2ML30049" name="io.mosip.prereg.scripts.Create_PreRegistration" tests="5" failures="0" timestamp="02 Jan 2019 04:17:25 GMT" time="2.763" errors="0">
  <testcase name="generate_Response" time="0.172" classname="io.mosip.prereg.scripts.Create_PreRegistration"/>
  <testcase name="generate_Response" time="0.210" classname="io.mosip.prereg.scripts.Create_PreRegistration"/>
  <testcase name="generate_Response" time="2.037" classname="io.mosip.prereg.scripts.Create_PreRegistration"/>
  <testcase name="generate_Response" time="0.193" classname="io.mosip.prereg.scripts.Create_PreRegistration"/>
  <testcase name="generate_Response" time="0.151" classname="io.mosip.prereg.scripts.Create_PreRegistration"/>
</testsuite> <!-- io.mosip.prereg.scripts.Create_PreRegistration -->
