<?xml version="1.0" encoding="UTF-8"?>
<!-- Generated by org.testng.reporters.JUnitReportReporter -->
<testsuite skipped="1" hostname="A2ML30049" name="scripts.otpGenerate1" tests="1" failures="0" timestamp="27 Dec 2018 06:23:52 GMT" time="0.000" errors="0">
  <testcase name="generate_OTP" time="0.000" classname="scripts.otpGenerate1">
    <skipped/>
  </testcase> <!-- generate_OTP -->
</testsuite> <!-- scripts.otpGenerate1 -->
