<?xml version="1.0" encoding="UTF-8"?>
<!-- Generated by org.testng.reporters.JUnitReportReporter -->
<testsuite skipped="0" hostname="A2ML20178" name="io.mosip.prereg.scripts.Create_PreRegistration" tests="5" failures="0" timestamp="29 Dec 2018 12:56:38 GMT" time="11.164" errors="0">
  <testcase name="generate_Response" time="10.469" classname="io.mosip.prereg.scripts.Create_PreRegistration"/>
  <testcase name="generate_Response" time="0.188" classname="io.mosip.prereg.scripts.Create_PreRegistration"/>
  <testcase name="generate_Response" time="0.167" classname="io.mosip.prereg.scripts.Create_PreRegistration"/>
  <testcase name="generate_Response" time="0.173" classname="io.mosip.prereg.scripts.Create_PreRegistration"/>
  <testcase name="generate_Response" time="0.167" classname="io.mosip.prereg.scripts.Create_PreRegistration"/>
</testsuite> <!-- io.mosip.prereg.scripts.Create_PreRegistration -->
