<?xml version="1.0" encoding="UTF-8"?>
<!-- Generated by org.testng.reporters.JUnitReportReporter -->
<testsuite skipped="0" hostname="A2ML20178" name="io.mosip.prereg.scripts.PreRegScript" tests="1" failures="0" timestamp="29 Dec 2018 08:43:03 GMT" time="3.346" errors="0">
  <testcase name="generate_Response" time="3.346" classname="io.mosip.prereg.scripts.PreRegScript"/>
</testsuite> <!-- io.mosip.prereg.scripts.PreRegScript -->
