<?xml version="1.0" encoding="UTF-8"?>
<!-- Generated by org.testng.reporters.JUnitReportReporter -->
<testsuite skipped="0" hostname="A2ML30049" name="io.mosip.kernel.scripts.otpGenerate" tests="2" failures="0" timestamp="02 Jan 2019 06:47:00 GMT" time="2.508" errors="0">
  <testcase name="generate_Response" time="2.292" classname="io.mosip.kernel.scripts.otpGenerate"/>
  <testcase name="generate_Response" time="0.216" classname="io.mosip.kernel.scripts.otpGenerate"/>
</testsuite> <!-- io.mosip.kernel.scripts.otpGenerate -->
