<?xml version="1.0" encoding="UTF-8"?>
<!-- Generated by org.testng.reporters.JUnitReportReporter -->
<testsuite skipped="0" hostname="A2ML20178" name="io.mosip.dbHealthcheck.DBHealthCheck" tests="1" failures="0" timestamp="29 Dec 2018 07:33:27 GMT" time="6.541" errors="0">
  <testcase name="prereg_preIDCheckDB" time="6.541" classname="io.mosip.dbHealthcheck.DBHealthCheck"/>
</testsuite> <!-- io.mosip.dbHealthcheck.DBHealthCheck -->
