<?xml version="1.0" encoding="UTF-8"?>
<!-- Generated by org.testng.reporters.JUnitReportReporter -->
<testsuite skipped="0" hostname="A2ML20178" name="mosip.api.scripts.ida_module1" tests="8" failures="0" timestamp="11 Dec 2018 05:55:05 GMT" time="3.164" errors="0">
  <testcase name="init" time="1.031" classname="mosip.api.scripts.ida_module1"/>
  <testcase name="init" time="0.119" classname="mosip.api.scripts.ida_module1"/>
  <testcase name="init" time="0.363" classname="mosip.api.scripts.ida_module1"/>
  <testcase name="init" time="0.116" classname="mosip.api.scripts.ida_module1"/>
  <testcase name="init" time="0.098" classname="mosip.api.scripts.ida_module1"/>
  <testcase name="init" time="1.242" classname="mosip.api.scripts.ida_module1"/>
  <testcase name="init" time="0.104" classname="mosip.api.scripts.ida_module1"/>
  <testcase name="init" time="0.091" classname="mosip.api.scripts.ida_module1"/>
</testsuite> <!-- mosip.api.scripts.ida_module1 -->
