<?xml version="1.0" encoding="UTF-8"?>
<!-- Generated by org.testng.reporters.JUnitReportReporter -->
<testsuite skipped="0" hostname="A2ML20178" name="io.mosip.dbaccess.prereg_dbread" tests="1" failures="0" timestamp="29 Dec 2018 05:11:04 GMT" time="10.643" errors="0">
  <testcase name="prereg_dbconnectivityCheck" time="10.643" classname="io.mosip.dbaccess.prereg_dbread"/>
</testsuite> <!-- io.mosip.dbaccess.prereg_dbread -->
