<?xml version="1.0" encoding="UTF-8"?>
<!-- Generated by org.testng.reporters.JUnitReportReporter -->
<testsuite skipped="0" hostname="A2ML30049" name="scripts.PreRegScript2" tests="5" failures="0" timestamp="27 Dec 2018 06:26:26 GMT" time="3.739" errors="0">
  <testcase name="generate_Response" time="0.742" classname="scripts.PreRegScript2"/>
  <testcase name="generate_Response" time="0.723" classname="scripts.PreRegScript2"/>
  <testcase name="generate_Response" time="0.702" classname="scripts.PreRegScript2"/>
  <testcase name="generate_Response" time="0.811" classname="scripts.PreRegScript2"/>
  <testcase name="generate_Response" time="0.761" classname="scripts.PreRegScript2"/>
</testsuite> <!-- scripts.PreRegScript2 -->
