<?xml version="1.0" encoding="UTF-8"?>
<!-- Generated by org.testng.reporters.JUnitReportReporter -->
<testsuite skipped="0" hostname="A2ML30049" name="io.mosip.prereg.scripts.Get_RequestPreRegistration" tests="1" failures="0" timestamp="31 Dec 2018 11:58:03 GMT" time="10.475" errors="0">
  <testcase name="generate_Response" time="10.475" classname="io.mosip.prereg.scripts.Get_RequestPreRegistration"/>
</testsuite> <!-- io.mosip.prereg.scripts.Get_RequestPreRegistration -->
