<?xml version="1.0" encoding="UTF-8"?>
<!-- Generated by org.testng.reporters.JUnitReportReporter -->
<testsuite skipped="0" hostname="A2ML30049" name="io.mosip.e2e.tests.PacketGeneratorTest" tests="2" failures="0" timestamp="26 Jul 2019 12:27:41 GMT" time="163.461" errors="0">
  <testcase name="E2E_PacketGenerator_generatePrids" time="84.827" classname="io.mosip.e2e.tests.PacketGeneratorTest"/>
  <testcase name="E2E_PacketGenerator_generateValidInvalidPackets" time="78.634" classname="io.mosip.e2e.tests.PacketGeneratorTest"/>
</testsuite> <!-- io.mosip.e2e.tests.PacketGeneratorTest -->
