<?xml version="1.0" encoding="UTF-8"?>
<!-- Generated by org.testng.reporters.JUnitReportReporter -->
<testsuite skipped="0" hostname="A2ML30049" name="io.mosip.e2e.tests.EndToEndRun" tests="20" failures="0" timestamp="26 Jul 2019 12:27:41 GMT" time="379.575" errors="3">
  <testcase name="E2ERun_RegistrationClientPacket_regProcSyncPacket" time="1.911" classname="io.mosip.e2e.tests.EndToEndRun"/>
  <testcase name="E2ERun_PrIdOfAdultWithDocs_regProcSyncPacket" time="1.425" classname="io.mosip.e2e.tests.EndToEndRun"/>
  <testcase name="E2ERun_PrIdOfAdultWithoutDocs_regProcSyncPacket" time="1.638" classname="io.mosip.e2e.tests.EndToEndRun"/>
  <testcase name="E2ERun_PrIdOfChildWithoutDocs_regProcSyncPacket" time="1.695" classname="io.mosip.e2e.tests.EndToEndRun"/>
  <testcase name="E2ERun_PrIdOfChildWithDocs_regProcSyncPacket" time="1.507" classname="io.mosip.e2e.tests.EndToEndRun"/>
  <testcase name="E2ERun_PrIdOfChildWithoutDocs_regProcUploadPacket" time="0.851" classname="io.mosip.e2e.tests.EndToEndRun"/>
  <testcase name="E2ERun_PrIdOfAdultWithoutDocs_regProcUploadPacket" time="0.985" classname="io.mosip.e2e.tests.EndToEndRun"/>
  <testcase name="E2ERun_PrIdOfAdultWithDocs_regProcUploadPacket" time="1.448" classname="io.mosip.e2e.tests.EndToEndRun"/>
  <testcase name="E2ERun_PrIdOfChildWithDocs_regProcUploadPacket" time="1.137" classname="io.mosip.e2e.tests.EndToEndRun"/>
  <testcase name="E2ERun_RegistrationClientPacket_regProcUploadPacket" time="0.978" classname="io.mosip.e2e.tests.EndToEndRun"/>
  <testcase name="E2ERun_PrIdOfChildWithoutDocs_regProcValidation" time="68.319" classname="io.mosip.e2e.tests.EndToEndRun"/>
  <testcase name="E2ERun_PrIdOfChildWithDocs_regProcValidation" time="66.949" classname="io.mosip.e2e.tests.EndToEndRun"/>
  <testcase name="E2ERun_PrIdOfAdultWithoutDocs_regProcValidation" time="68.129" classname="io.mosip.e2e.tests.EndToEndRun"/>
  <testcase name="E2ERun_PrIdOfAdultWithDocs_regProcValidation" time="77.541" classname="io.mosip.e2e.tests.EndToEndRun">
    <error type="io.mosip.e2e.util.TestRigException" message="Exception In Registration Processor ---&gt; ">
      <![CDATA[io.mosip.e2e.util.TestRigException: Exception In Registration Processor ---> 
at io.mosip.e2e.tests.EndToEndRun.regProcValidation(EndToEndRun.java:91)
at sun.reflect.NativeMethodAccessorImpl.invoke0(Native Method)
at sun.reflect.NativeMethodAccessorImpl.invoke(NativeMethodAccessorImpl.java:62)
at sun.reflect.DelegatingMethodAccessorImpl.invoke(DelegatingMethodAccessorImpl.java:43)
at java.lang.reflect.Method.invoke(Method.java:498)
at org.testng.internal.MethodInvocationHelper.invokeMethod(MethodInvocationHelper.java:124)
at org.testng.internal.Invoker.invokeMethod(Invoker.java:583)
at org.testng.internal.Invoker.invokeTestMethod(Invoker.java:719)
at org.testng.internal.Invoker.invokeTestMethods(Invoker.java:989)
at org.testng.internal.TestMethodWorker.invokeTestMethods(TestMethodWorker.java:125)
at org.testng.internal.TestMethodWorker.run(TestMethodWorker.java:109)
at org.testng.TestRunner.privateRun(TestRunner.java:648)
at org.testng.TestRunner.run(TestRunner.java:505)
at org.testng.SuiteRunner.runTest(SuiteRunner.java:455)
at org.testng.SuiteRunner.runSequentially(SuiteRunner.java:450)
at org.testng.SuiteRunner.privateRun(SuiteRunner.java:415)
at org.testng.SuiteRunner.run(SuiteRunner.java:364)
at org.testng.SuiteRunnerWorker.runSuite(SuiteRunnerWorker.java:52)
at org.testng.SuiteRunnerWorker.run(SuiteRunnerWorker.java:84)
at org.testng.TestNG.runSuitesSequentially(TestNG.java:1208)
at org.testng.TestNG.runSuitesLocally(TestNG.java:1137)
at org.testng.TestNG.runSuites(TestNG.java:1049)
at org.testng.TestNG.run(TestNG.java:1017)
at io.mosip.e2e.runner.EndToEndRun.main(EndToEndRun.java:29)
]]>
    </error>
  </testcase> <!-- E2ERun_PrIdOfAdultWithDocs_regProcValidation -->
  <testcase name="E2ERun_RegistrationClientPacket_regProcValidation" time="75.460" classname="io.mosip.e2e.tests.EndToEndRun">
    <error type="io.mosip.e2e.util.TestRigException" message="Exception In Registration Processor ---&gt; Invalid Input Parameter - identity/postalCode">
      <![CDATA[io.mosip.e2e.util.TestRigException: Exception In Registration Processor ---> Invalid Input Parameter - identity/postalCode
at io.mosip.e2e.tests.EndToEndRun.regProcValidation(EndToEndRun.java:91)
at sun.reflect.NativeMethodAccessorImpl.invoke0(Native Method)
at sun.reflect.NativeMethodAccessorImpl.invoke(NativeMethodAccessorImpl.java:62)
at sun.reflect.DelegatingMethodAccessorImpl.invoke(DelegatingMethodAccessorImpl.java:43)
at java.lang.reflect.Method.invoke(Method.java:498)
at org.testng.internal.MethodInvocationHelper.invokeMethod(MethodInvocationHelper.java:124)
at org.testng.internal.Invoker.invokeMethod(Invoker.java:583)
at org.testng.internal.Invoker.invokeTestMethod(Invoker.java:719)
at org.testng.internal.Invoker.invokeTestMethods(Invoker.java:989)
at org.testng.internal.TestMethodWorker.invokeTestMethods(TestMethodWorker.java:125)
at org.testng.internal.TestMethodWorker.run(TestMethodWorker.java:109)
at org.testng.TestRunner.privateRun(TestRunner.java:648)
at org.testng.TestRunner.run(TestRunner.java:505)
at org.testng.SuiteRunner.runTest(SuiteRunner.java:455)
at org.testng.SuiteRunner.runSequentially(SuiteRunner.java:450)
at org.testng.SuiteRunner.privateRun(SuiteRunner.java:415)
at org.testng.SuiteRunner.run(SuiteRunner.java:364)
at org.testng.SuiteRunnerWorker.runSuite(SuiteRunnerWorker.java:52)
at org.testng.SuiteRunnerWorker.run(SuiteRunnerWorker.java:84)
at org.testng.TestNG.runSuitesSequentially(TestNG.java:1208)
at org.testng.TestNG.runSuitesLocally(TestNG.java:1137)
at org.testng.TestNG.runSuites(TestNG.java:1049)
at org.testng.TestNG.run(TestNG.java:1017)
at io.mosip.e2e.runner.EndToEndRun.main(EndToEndRun.java:29)
]]>
    </error>
  </testcase> <!-- E2ERun_RegistrationClientPacket_regProcValidation -->
  <testcase name="E2ERun_PrIdOfChildWithoutDocs_uinGeneration" time="0.582" classname="io.mosip.e2e.tests.EndToEndRun"/>
  <testcase name="E2ERun_RegistrationClientPacket_uinGeneration" time="7.413" classname="io.mosip.e2e.tests.EndToEndRun">
    <error type="io.mosip.e2e.util.TestRigException" message="Exception In Registration Processor ---&gt; Invalid Input Parameter - identity/postalCode">
      <![CDATA[io.mosip.e2e.util.TestRigException: Exception In Registration Processor ---> Invalid Input Parameter - identity/postalCode
at io.mosip.e2e.tests.EndToEndRun.uinGeneration(EndToEndRun.java:105)
at sun.reflect.NativeMethodAccessorImpl.invoke0(Native Method)
at sun.reflect.NativeMethodAccessorImpl.invoke(NativeMethodAccessorImpl.java:62)
at sun.reflect.DelegatingMethodAccessorImpl.invoke(DelegatingMethodAccessorImpl.java:43)
at java.lang.reflect.Method.invoke(Method.java:498)
at org.testng.internal.MethodInvocationHelper.invokeMethod(MethodInvocationHelper.java:124)
at org.testng.internal.Invoker.invokeMethod(Invoker.java:583)
at org.testng.internal.Invoker.invokeTestMethod(Invoker.java:719)
at org.testng.internal.Invoker.invokeTestMethods(Invoker.java:989)
at org.testng.internal.TestMethodWorker.invokeTestMethods(TestMethodWorker.java:125)
at org.testng.internal.TestMethodWorker.run(TestMethodWorker.java:109)
at org.testng.TestRunner.privateRun(TestRunner.java:648)
at org.testng.TestRunner.run(TestRunner.java:505)
at org.testng.SuiteRunner.runTest(SuiteRunner.java:455)
at org.testng.SuiteRunner.runSequentially(SuiteRunner.java:450)
at org.testng.SuiteRunner.privateRun(SuiteRunner.java:415)
at org.testng.SuiteRunner.run(SuiteRunner.java:364)
at org.testng.SuiteRunnerWorker.runSuite(SuiteRunnerWorker.java:52)
at org.testng.SuiteRunnerWorker.run(SuiteRunnerWorker.java:84)
at org.testng.TestNG.runSuitesSequentially(TestNG.java:1208)
at org.testng.TestNG.runSuitesLocally(TestNG.java:1137)
at org.testng.TestNG.runSuites(TestNG.java:1049)
at org.testng.TestNG.run(TestNG.java:1017)
at io.mosip.e2e.runner.EndToEndRun.main(EndToEndRun.java:29)
]]>
    </error>
  </testcase> <!-- E2ERun_RegistrationClientPacket_uinGeneration -->
  <testcase name="E2ERun_PrIdOfAdultWithDocs_uinGeneration" time="0.556" classname="io.mosip.e2e.tests.EndToEndRun"/>
  <testcase name="E2ERun_PrIdOfAdultWithoutDocs_uinGeneration" time="0.516" classname="io.mosip.e2e.tests.EndToEndRun"/>
  <testcase name="E2ERun_PrIdOfChildWithDocs_uinGeneration" time="0.535" classname="io.mosip.e2e.tests.EndToEndRun"/>
</testsuite> <!-- io.mosip.e2e.tests.EndToEndRun -->
