<?xml version="1.0" encoding="UTF-8"?>
<!-- Generated by org.testng.reporters.JUnitReportReporter -->
<testsuite skipped="0" hostname="A2ML30049" name="io.mosip.authentication.tests.OtpGeneration" tests="1" failures="0" timestamp="26 Jul 2019 12:27:41 GMT" time="14.621" errors="0">
  <testcase name="Authentication_OTPGenerate_With_Valid_Request_Smoke_Pos" time="14.621" classname="io.mosip.authentication.tests.OtpGeneration"/>
</testsuite> <!-- io.mosip.authentication.tests.OtpGeneration -->
