<?xml version="1.0" encoding="UTF-8"?>
<!-- Generated by org.testng.reporters.JUnitReportReporter -->
<testsuite skipped="0" hostname="A2ML30049" name="io.mosip.e2e.tests.PacketGeneratorTest" tests="2" failures="0" timestamp="23 Jul 2019 06:30:00 GMT" time="208.976" errors="0">
  <testcase name="E2E_PacketGenerator_generatePrids" time="119.392" classname="io.mosip.e2e.tests.PacketGeneratorTest"/>
  <testcase name="E2E_PacketGenerator_generateValidInvalidPackets" time="89.584" classname="io.mosip.e2e.tests.PacketGeneratorTest"/>
</testsuite> <!-- io.mosip.e2e.tests.PacketGeneratorTest -->
