<?xml version="1.0" encoding="UTF-8"?>
<!-- Generated by org.testng.reporters.JUnitReportReporter -->
<testsuite skipped="0" hostname="A2ML30049" name="EncrypterDecrypter" tests="1" failures="0" timestamp="22 May 2019 06:46:53 GMT" time="23.508" errors="0">
  <testcase name="getpackts" time="23.508" classname="EncrypterDecrypter"/>
</testsuite> <!-- EncrypterDecrypter -->
