<?xml version="1.0" encoding="UTF-8"?>
<!-- Generated by org.testng.reporters.JUnitReportReporter -->
<testsuite skipped="0" hostname="A2ML30049" name="io.mosip.main.EncrypterDecrypter" tests="1" failures="0" timestamp="04 Jun 2019 10:37:32 GMT" time="8.696" errors="0">
  <testcase name="getpackts" time="8.696" classname="io.mosip.main.EncrypterDecrypter"/>
</testsuite> <!-- io.mosip.main.EncrypterDecrypter -->
